<?xml version="1.0" encoding="UTF-8"?>
<!-- Generated by org.testng.reporters.JUnitReportReporter -->
<testsuite hostname="goforit-PC" name="test.test.TimerTest" tests="1" failures="0" timestamp="6 May 2016 03:30:18 GMT" time="60.007" errors="0">
  <testcase name="runtest" time="60.007" classname="test.test.TimerTest"/>
</testsuite> <!-- test.test.TimerTest -->
