<?xml version="1.0" encoding="UTF-8"?>
<!-- Generated by org.testng.reporters.JUnitReportReporter -->
<testsuite hostname="goforit-PC" name="test.test.TestTest" tests="1" failures="0" timestamp="12 May 2016 10:07:44 GMT" time="0.012" errors="0">
  <testcase name="testMapModify" time="0.012" classname="test.test.TestTest"/>
</testsuite> <!-- test.test.TestTest -->
